0 info it worked if it ends with ok
1 verbose cli [ 'node', '/Users/kt3k/.nvm/v0.10.29/bin/npm', 'publish' ]
2 info using npm@3.3.8
3 info using node@v0.10.29
4 verbose publish [ '.' ]
5 silly cache add args [ '.', null ]
6 verbose cache add spec .
7 silly cache add parsed spec { raw: '.',
7 silly cache add   scope: null,
7 silly cache add   name: null,
7 silly cache add   rawSpec: '.',
7 silly cache add   spec: '/Users/kt3k/Dropbox/o/js-works/cc-event',
7 silly cache add   type: 'directory' }
8 verbose addLocalDirectory /Users/kt3k/.npm/cc-event/2.0.1/package.tgz not in flight; packing
9 info lifecycle cc-event@2.0.1~prepublish: cc-event@2.0.1
10 silly lifecycle cc-event@2.0.1~prepublish: no script for prepublish, continuing
11 verbose tar pack [ '/Users/kt3k/.npm/cc-event/2.0.1/package.tgz',
11 verbose tar pack   '/Users/kt3k/Dropbox/o/js-works/cc-event' ]
12 verbose tarball /Users/kt3k/.npm/cc-event/2.0.1/package.tgz
13 verbose folder /Users/kt3k/Dropbox/o/js-works/cc-event
14 verbose addLocalTarball adding from inside cache /Users/kt3k/.npm/cc-event/2.0.1/package.tgz
15 silly cache afterAdd cc-event@2.0.1
16 verbose afterAdd /Users/kt3k/.npm/cc-event/2.0.1/package/package.json not in flight; writing
17 verbose afterAdd /Users/kt3k/.npm/cc-event/2.0.1/package/package.json written
18 silly publish { name: 'cc-event',
18 silly publish   version: '2.0.1',
18 silly publish   description: 'The event utility for class-component.',
18 silly publish   main: 'cc-event.js',
18 silly publish   scripts:
18 silly publish    { lint: 'souffle',
18 silly publish      test: 'karma start karma.conf.js',
18 silly publish      ci: 'karma start karma.conf.js --browsers PhantomJS',
18 silly publish      codecov: 'cat coverage/*/lcov.info | codecov' },
18 silly publish   repository: { type: 'git', url: 'git+https://github.com/kt3k/cc-event.git' },
18 silly publish   keywords: [ 'class-component', 'event' ],
18 silly publish   author:
18 silly publish    { name: 'Yoshiya Hinosawa',
18 silly publish      email: 'stibium121@gmail.com',
18 silly publish      url: 'https://twitter.com/kt3k' },
18 silly publish   license: 'MIT',
18 silly publish   bugs: { url: 'https://github.com/kt3k/cc-event/issues' },
18 silly publish   homepage: 'https://github.com/kt3k/cc-event#readme',
18 silly publish   devDependencies:
18 silly publish    { 'browserify-istanbul': '^0.2.1',
18 silly publish      chai: '^3.3.0',
18 silly publish      'class-component': '^5.4.2',
18 silly publish      'codecov.io': '^0.1.6',
18 silly publish      jquery: '^2.1.4',
18 silly publish      karma: '^0.13.10',
18 silly publish      'karma-browserify': '^4.4.0',
18 silly publish      'karma-chai': '^0.1.0',
18 silly publish      'karma-chrome-launcher': '^0.2.0',
18 silly publish      'karma-coverage': '^0.5.2',
18 silly publish      'karma-mocha': '^0.2.0',
18 silly publish      'karma-phantomjs-launcher': '^0.2.1',
18 silly publish      mocha: '^2.3.3',
18 silly publish      phantomjs: '^1.9.18',
18 silly publish      'souffle-cli': '^3.1.0' },
18 silly publish   souffle: { globals: [ 'before', 'beforeEach', 'jQuery', 'describe', 'it', 'expect' ] },
18 silly publish   readme: '# cc-event v2.0.1 [![Build Status](https://travis-ci.org/kt3k/cc-event.svg?branch=master)](https://travis-ci.org/kt3k/cc-event) [![codecov.io](http://codecov.io/github/kt3k/cc-event/coverage.svg?branch=master)](http://codecov.io/github/kt3k/cc-event?branch=master)\n\n> An event utility for class-component [experimental]\n\n# Usage\n\nnpm\n\n```sh\nnpm install --save jquery class-component cc-event\n```\n\ncommon script\n\n```js\nglobal.jQuery = require(\'jquery\');\nrequire(\'class-component\');\nrequire(\'cc-event\');\n```\n\n```js\n\nvar $ = require(\'jquery\');\n\nvar Scene = $.cc.subclass($.cc.Actor, function (pt) {\n\n    /**\n     * Says hello.\n     */\n    pt.sayHello = function () {\n\n        alert(\'hello\');\n\n    }.event(\'click touchstart\');\n\n    /**\n     * Goes to the settings screen.\n     */\n    pt.gotoSettings = function (e) {\n\n        e.stopPropagation();\n\n        location.href = \'settings.html\';\n\n    }.event(\'click\', \'.setting-btn\');\n\n});\n\n$.cc.assign(\'scene\', Scene);\n```\n\n```html\n<div class="scene" >\n  <button class="settings-btn">settings</div>\n</div>\n```\n\nUnder the above settings, when you click the settings button it goes to `settings.html`. When you click other part of `.scene`, it alerts "hello".\n\n### Use with es6 class and decorator\n\n```js\n\nvar $ = require(\'jquery\');\nvar event = $.cc.event;\n\nclass Scene extends $.cc.Actor {\n\n    /**\n     * Says hello.\n     */\n    @event(\'click touchstart\')\n    sayHello() {\n\n        alert(\'hello\');\n\n    }\n\n    /**\n     * Goes to the settings screen.\n     */\n    @event(\'click\', \'.setting-btn\')\n    gotoSettings(e) {\n\n        e.stopPropagation();\n\n        location.href = \'settings.html\';\n\n    }\n\n}\n\n$.cc.assign(\'scene\', Scene);\n```\n\n```html\n<div class="scene" >\n  <button class="settings-btn">settings</div>\n</div>\n```\n\n# License\n\nMIT\n',
18 silly publish   readmeFilename: 'README.md',
18 silly publish   gitHead: '36c431fae02826b62ca7d312827cc1ce450ae2e3',
18 silly publish   _id: 'cc-event@2.0.1',
18 silly publish   _shasum: '3d47a99ab20b37f3dd2371cdddc7c41f1db02f2f',
18 silly publish   _from: '.' }
19 verbose getPublishConfig undefined
20 silly mapToRegistry name cc-event
21 silly mapToRegistry using default registry
22 silly mapToRegistry registry https://registry.npmjs.org/
23 silly mapToRegistry uri https://registry.npmjs.org/cc-event
24 verbose publish registryBase https://registry.npmjs.org/
25 silly publish uploading /Users/kt3k/.npm/cc-event/2.0.1/package.tgz
26 verbose request uri https://registry.npmjs.org/cc-event
27 verbose request sending authorization for write operation
28 info attempt registry request try #1 at 00:51:26
29 verbose request id 3e7adaff2db022df
30 http request PUT https://registry.npmjs.org/cc-event
31 http 403 https://registry.npmjs.org/cc-event
32 verbose headers { 'content-type': 'application/json',
32 verbose headers   'cache-control': 'max-age=300',
32 verbose headers   'content-length': '95',
32 verbose headers   'accept-ranges': 'bytes',
32 verbose headers   date: 'Wed, 20 Jan 2016 15:51:28 GMT',
32 verbose headers   via: '1.1 varnish',
32 verbose headers   connection: 'keep-alive',
32 verbose headers   'x-served-by': 'cache-nrt6129-NRT',
32 verbose headers   'x-cache': 'MISS',
32 verbose headers   'x-cache-hits': '0',
32 verbose headers   'x-timer': 'S1453305087.481181,VS0,VE539' }
33 verbose request invalidating /Users/kt3k/.npm/registry.npmjs.org/cc-event on PUT
34 error publish Failed PUT 403
35 verbose stack Error: "You cannot publish over the previously published version 2.0.1." : cc-event
35 verbose stack     at makeError (/Users/kt3k/.nvm/v0.10.29/lib/node_modules/npm/node_modules/npm-registry-client/lib/request.js:264:12)
35 verbose stack     at CachingRegistryClient.<anonymous> (/Users/kt3k/.nvm/v0.10.29/lib/node_modules/npm/node_modules/npm-registry-client/lib/request.js:252:14)
35 verbose stack     at Request._callback (/Users/kt3k/.nvm/v0.10.29/lib/node_modules/npm/node_modules/npm-registry-client/lib/request.js:172:14)
35 verbose stack     at Request.self.callback (/Users/kt3k/.nvm/v0.10.29/lib/node_modules/npm/node_modules/request/request.js:198:22)
35 verbose stack     at Request.emit (events.js:98:17)
35 verbose stack     at Request.<anonymous> (/Users/kt3k/.nvm/v0.10.29/lib/node_modules/npm/node_modules/request/request.js:1063:14)
35 verbose stack     at Request.emit (events.js:117:20)
35 verbose stack     at IncomingMessage.<anonymous> (/Users/kt3k/.nvm/v0.10.29/lib/node_modules/npm/node_modules/request/request.js:1009:12)
35 verbose stack     at IncomingMessage.emit (events.js:117:20)
35 verbose stack     at _stream_readable.js:929:16
36 verbose statusCode 403
37 verbose pkgid cc-event
38 verbose cwd /Users/kt3k/Dropbox/o/js-works/cc-event
39 error Darwin 14.5.0
40 error argv "node" "/Users/kt3k/.nvm/v0.10.29/bin/npm" "publish"
41 error node v0.10.29
42 error npm  v3.3.8
43 error code E403
44 error "You cannot publish over the previously published version 2.0.1." : cc-event
45 error If you need help, you may report this error at:
45 error     <https://github.com/npm/npm/issues>
46 verbose exit [ 1, true ]
